<?xml version="1.0" encoding="UTF-8"?>
<testsuites tests="288" failures="0" disabled="0" errors="0" time="9.79" timestamp="2025-12-12T01:40:16.247" name="AllTests">
  <testsuite name="WindowSystemLinuxQueriesTest" tests="11" failures="0" disabled="0" skipped="0" errors="0" time="0.001" timestamp="2025-12-12T01:40:16.247">
    <testcase name="Construction" file="/home/rmondo/repos/yamy/src/tests/platform/window_system_linux_test.cpp" line="41" status="run" result="completed" time="0." timestamp="2025-12-12T01:40:16.247" classname="WindowSystemLinuxQueriesTest" />
    <testcase name="GetForegroundWindow" file="/home/rmondo/repos/yamy/src/tests/platform/window_system_linux_test.cpp" line="50" status="run" result="completed" time="0." timestamp="2025-12-12T01:40:16.248" classname="WindowSystemLinuxQueriesTest" />
    <testcase name="GetWindowTextNullHandle" file="/home/rmondo/repos/yamy/src/tests/platform/window_system_linux_test.cpp" line="63" status="run" result="completed" time="0." timestamp="2025-12-12T01:40:16.248" classname="WindowSystemLinuxQueriesTest" />
    <testcase name="GetClassNameNullHandle" file="/home/rmondo/repos/yamy/src/tests/platform/window_system_linux_test.cpp" line="73" status="run" result="completed" time="0." timestamp="2025-12-12T01:40:16.248" classname="WindowSystemLinuxQueriesTest" />
    <testcase name="GetTitleNameNullHandle" file="/home/rmondo/repos/yamy/src/tests/platform/window_system_linux_test.cpp" line="83" status="run" result="completed" time="0." timestamp="2025-12-12T01:40:16.248" classname="WindowSystemLinuxQueriesTest" />
    <testcase name="GetWindowProcessIdNullHandle" file="/home/rmondo/repos/yamy/src/tests/platform/window_system_linux_test.cpp" line="93" status="run" result="completed" time="0." timestamp="2025-12-12T01:40:16.248" classname="WindowSystemLinuxQueriesTest" />
    <testcase name="GetWindowThreadIdNullHandle" file="/home/rmondo/repos/yamy/src/tests/platform/window_system_linux_test.cpp" line="103" status="run" result="completed" time="0." timestamp="2025-12-12T01:40:16.248" classname="WindowSystemLinuxQueriesTest" />
    <testcase name="GetWindowRectNullHandle" file="/home/rmondo/repos/yamy/src/tests/platform/window_system_linux_test.cpp" line="113" status="run" result="completed" time="0." timestamp="2025-12-12T01:40:16.248" classname="WindowSystemLinuxQueriesTest" />
    <testcase name="GetWindowRectNullRect" file="/home/rmondo/repos/yamy/src/tests/platform/window_system_linux_test.cpp" line="124" status="run" result="completed" time="0." timestamp="2025-12-12T01:40:16.248" classname="WindowSystemLinuxQueriesTest" />
    <testcase name="WindowFromPoint" file="/home/rmondo/repos/yamy/src/tests/platform/window_system_linux_test.cpp" line="135" status="run" result="completed" time="0." timestamp="2025-12-12T01:40:16.248" classname="WindowSystemLinuxQueriesTest" />
    <testcase name="ForegroundWindowProperties" file="/home/rmondo/repos/yamy/src/tests/platform/window_system_linux_test.cpp" line="148" status="run" result="completed" time="0." timestamp="2025-12-12T01:40:16.248" classname="WindowSystemLinuxQueriesTest" />
  </testsuite>
  <testsuite name="RectTest" tests="3" failures="0" disabled="0" skipped="0" errors="0" time="0." timestamp="2025-12-12T01:40:16.248">
    <testcase name="DefaultConstruction" file="/home/rmondo/repos/yamy/src/tests/platform/window_system_linux_test.cpp" line="182" status="run" result="completed" time="0." timestamp="2025-12-12T01:40:16.248" classname="RectTest" />
    <testcase name="ParameterizedConstruction" file="/home/rmondo/repos/yamy/src/tests/platform/window_system_linux_test.cpp" line="192" status="run" result="completed" time="0." timestamp="2025-12-12T01:40:16.249" classname="RectTest" />
    <testcase name="IsContainedIn" file="/home/rmondo/repos/yamy/src/tests/platform/window_system_linux_test.cpp" line="202" status="run" result="completed" time="0." timestamp="2025-12-12T01:40:16.249" classname="RectTest" />
  </testsuite>
  <testsuite name="PointTest" tests="2" failures="0" disabled="0" skipped="0" errors="0" time="0." timestamp="2025-12-12T01:40:16.249">
    <testcase name="DefaultConstruction" file="/home/rmondo/repos/yamy/src/tests/platform/window_system_linux_test.cpp" line="213" status="run" result="completed" time="0." timestamp="2025-12-12T01:40:16.249" classname="PointTest" />
    <testcase name="ParameterizedConstruction" file="/home/rmondo/repos/yamy/src/tests/platform/window_system_linux_test.cpp" line="219" status="run" result="completed" time="0." timestamp="2025-12-12T01:40:16.249" classname="PointTest" />
  </testsuite>
  <testsuite name="SizeTest" tests="2" failures="0" disabled="0" skipped="0" errors="0" time="0." timestamp="2025-12-12T01:40:16.249">
    <testcase name="DefaultConstruction" file="/home/rmondo/repos/yamy/src/tests/platform/window_system_linux_test.cpp" line="226" status="run" result="completed" time="0." timestamp="2025-12-12T01:40:16.249" classname="SizeTest" />
    <testcase name="ParameterizedConstruction" file="/home/rmondo/repos/yamy/src/tests/platform/window_system_linux_test.cpp" line="232" status="run" result="completed" time="0." timestamp="2025-12-12T01:40:16.249" classname="SizeTest" />
  </testsuite>
  <testsuite name="KeycodeMappingTest" tests="20" failures="0" disabled="0" skipped="0" errors="0" time="0." timestamp="2025-12-12T01:40:16.249">
    <testcase name="LetterKeyMappingYamyToEvdev" file="/home/rmondo/repos/yamy/src/tests/platform/input_injector_linux_test.cpp" line="32" status="run" result="completed" time="0." timestamp="2025-12-12T01:40:16.249" classname="KeycodeMappingTest" />
    <testcase name="LetterKeyMappingEvdevToYamy" file="/home/rmondo/repos/yamy/src/tests/platform/input_injector_linux_test.cpp" line="62" status="run" result="completed" time="0." timestamp="2025-12-12T01:40:16.249" classname="KeycodeMappingTest" />
    <testcase name="NumberKeyMappingYamyToEvdev" file="/home/rmondo/repos/yamy/src/tests/platform/input_injector_linux_test.cpp" line="69" status="run" result="completed" time="0." timestamp="2025-12-12T01:40:16.249" classname="KeycodeMappingTest" />
    <testcase name="NumberKeyMappingEvdevToYamy" file="/home/rmondo/repos/yamy/src/tests/platform/input_injector_linux_test.cpp" line="83" status="run" result="completed" time="0." timestamp="2025-12-12T01:40:16.249" classname="KeycodeMappingTest" />
    <testcase name="FunctionKeyMappingYamyToEvdev" file="/home/rmondo/repos/yamy/src/tests/platform/input_injector_linux_test.cpp" line="90" status="run" result="completed" time="0." timestamp="2025-12-12T01:40:16.249" classname="KeycodeMappingTest" />
    <testcase name="FunctionKeyMappingEvdevToYamy" file="/home/rmondo/repos/yamy/src/tests/platform/input_injector_linux_test.cpp" line="106" status="run" result="completed" time="0." timestamp="2025-12-12T01:40:16.249" classname="KeycodeMappingTest" />
    <testcase name="ModifierKeyMappingYamyToEvdev" file="/home/rmondo/repos/yamy/src/tests/platform/input_injector_linux_test.cpp" line="113" status="run" result="completed" time="0." timestamp="2025-12-12T01:40:16.249" classname="KeycodeMappingTest" />
    <testcase name="ModifierKeyMappingEvdevToYamy" file="/home/rmondo/repos/yamy/src/tests/platform/input_injector_linux_test.cpp" line="128" status="run" result="completed" time="0." timestamp="2025-12-12T01:40:16.249" classname="KeycodeMappingTest" />
    <testcase name="SpecialKeyMappingYamyToEvdev" file="/home/rmondo/repos/yamy/src/tests/platform/input_injector_linux_test.cpp" line="140" status="run" result="completed" time="0." timestamp="2025-12-12T01:40:16.249" classname="KeycodeMappingTest" />
    <testcase name="SpecialKeyMappingEvdevToYamy" file="/home/rmondo/repos/yamy/src/tests/platform/input_injector_linux_test.cpp" line="167" status="run" result="completed" time="0." timestamp="2025-12-12T01:40:16.249" classname="KeycodeMappingTest" />
    <testcase name="ArrowKeyMappingYamyToEvdev" file="/home/rmondo/repos/yamy/src/tests/platform/input_injector_linux_test.cpp" line="177" status="run" result="completed" time="0." timestamp="2025-12-12T01:40:16.249" classname="KeycodeMappingTest" />
    <testcase name="ArrowKeyMappingEvdevToYamy" file="/home/rmondo/repos/yamy/src/tests/platform/input_injector_linux_test.cpp" line="185" status="run" result="completed" time="0." timestamp="2025-12-12T01:40:16.249" classname="KeycodeMappingTest" />
    <testcase name="NumpadKeyMappingYamyToEvdev" file="/home/rmondo/repos/yamy/src/tests/platform/input_injector_linux_test.cpp" line="193" status="run" result="completed" time="0." timestamp="2025-12-12T01:40:16.249" classname="KeycodeMappingTest" />
    <testcase name="NumpadKeyMappingEvdevToYamy" file="/home/rmondo/repos/yamy/src/tests/platform/input_injector_linux_test.cpp" line="213" status="run" result="completed" time="0." timestamp="2025-12-12T01:40:16.249" classname="KeycodeMappingTest" />
    <testcase name="PunctuationKeyMappingYamyToEvdev" file="/home/rmondo/repos/yamy/src/tests/platform/input_injector_linux_test.cpp" line="221" status="run" result="completed" time="0." timestamp="2025-12-12T01:40:16.249" classname="KeycodeMappingTest" />
    <testcase name="PunctuationKeyMappingEvdevToYamy" file="/home/rmondo/repos/yamy/src/tests/platform/input_injector_linux_test.cpp" line="246" status="run" result="completed" time="0." timestamp="2025-12-12T01:40:16.249" classname="KeycodeMappingTest" />
    <testcase name="LockKeyMappingYamyToEvdev" file="/home/rmondo/repos/yamy/src/tests/platform/input_injector_linux_test.cpp" line="255" status="run" result="completed" time="0." timestamp="2025-12-12T01:40:16.249" classname="KeycodeMappingTest" />
    <testcase name="LockKeyMappingEvdevToYamy" file="/home/rmondo/repos/yamy/src/tests/platform/input_injector_linux_test.cpp" line="262" status="run" result="completed" time="0." timestamp="2025-12-12T01:40:16.249" classname="KeycodeMappingTest" />
    <testcase name="UnknownKeyMapping" file="/home/rmondo/repos/yamy/src/tests/platform/input_injector_linux_test.cpp" line="268" status="run" result="completed" time="0." timestamp="2025-12-12T01:40:16.249" classname="KeycodeMappingTest" />
    <testcase name="BidirectionalConsistency" file="/home/rmondo/repos/yamy/src/tests/platform/input_injector_linux_test.cpp" line="276" status="run" result="completed" time="0." timestamp="2025-12-12T01:40:16.249" classname="KeycodeMappingTest" />
  </testsuite>
  <testsuite name="ModifierKeyTest" tests="6" failures="0" disabled="0" skipped="0" errors="0" time="0." timestamp="2025-12-12T01:40:16.249">
    <testcase name="ShiftKeysAreModifiers" file="/home/rmondo/repos/yamy/src/tests/platform/input_injector_linux_test.cpp" line="303" status="run" result="completed" time="0." timestamp="2025-12-12T01:40:16.249" classname="ModifierKeyTest" />
    <testcase name="CtrlKeysAreModifiers" file="/home/rmondo/repos/yamy/src/tests/platform/input_injector_linux_test.cpp" line="308" status="run" result="completed" time="0." timestamp="2025-12-12T01:40:16.249" classname="ModifierKeyTest" />
    <testcase name="AltKeysAreModifiers" file="/home/rmondo/repos/yamy/src/tests/platform/input_injector_linux_test.cpp" line="313" status="run" result="completed" time="0." timestamp="2025-12-12T01:40:16.249" classname="ModifierKeyTest" />
    <testcase name="MetaKeysAreModifiers" file="/home/rmondo/repos/yamy/src/tests/platform/input_injector_linux_test.cpp" line="318" status="run" result="completed" time="0." timestamp="2025-12-12T01:40:16.249" classname="ModifierKeyTest" />
    <testcase name="LockKeysAreModifiers" file="/home/rmondo/repos/yamy/src/tests/platform/input_injector_linux_test.cpp" line="323" status="run" result="completed" time="0." timestamp="2025-12-12T01:40:16.249" classname="ModifierKeyTest" />
    <testcase name="RegularKeysAreNotModifiers" file="/home/rmondo/repos/yamy/src/tests/platform/input_injector_linux_test.cpp" line="329" status="run" result="completed" time="0." timestamp="2025-12-12T01:40:16.249" classname="ModifierKeyTest" />
  </testsuite>
  <testsuite name="KeyNameTest" tests="6" failures="0" disabled="0" skipped="0" errors="0" time="0." timestamp="2025-12-12T01:40:16.249">
    <testcase name="LetterKeyNames" file="/home/rmondo/repos/yamy/src/tests/platform/input_injector_linux_test.cpp" line="344" status="run" result="completed" time="0." timestamp="2025-12-12T01:40:16.249" classname="KeyNameTest" />
    <testcase name="NumberKeyNames" file="/home/rmondo/repos/yamy/src/tests/platform/input_injector_linux_test.cpp" line="350" status="run" result="completed" time="0." timestamp="2025-12-12T01:40:16.249" classname="KeyNameTest" />
    <testcase name="SpecialKeyNames" file="/home/rmondo/repos/yamy/src/tests/platform/input_injector_linux_test.cpp" line="356" status="run" result="completed" time="0." timestamp="2025-12-12T01:40:16.249" classname="KeyNameTest" />
    <testcase name="ModifierKeyNames" file="/home/rmondo/repos/yamy/src/tests/platform/input_injector_linux_test.cpp" line="365" status="run" result="completed" time="0." timestamp="2025-12-12T01:40:16.249" classname="KeyNameTest" />
    <testcase name="FunctionKeyNames" file="/home/rmondo/repos/yamy/src/tests/platform/input_injector_linux_test.cpp" line="376" status="run" result="completed" time="0." timestamp="2025-12-12T01:40:16.249" classname="KeyNameTest" />
    <testcase name="UnknownKeyName" file="/home/rmondo/repos/yamy/src/tests/platform/input_injector_linux_test.cpp" line="381" status="run" result="completed" time="0." timestamp="2025-12-12T01:40:16.249" classname="KeyNameTest" />
  </testsuite>
  <testsuite name="KeyboardInputDataTest" tests="4" failures="0" disabled="0" skipped="0" errors="0" time="0." timestamp="2025-12-12T01:40:16.249">
    <testcase name="FlagsConstants" file="/home/rmondo/repos/yamy/src/tests/platform/input_injector_linux_test.cpp" line="391" status="run" result="completed" time="0." timestamp="2025-12-12T01:40:16.249" classname="KeyboardInputDataTest" />
    <testcase name="KeyUpDetection" file="/home/rmondo/repos/yamy/src/tests/platform/input_injector_linux_test.cpp" line="399" status="run" result="completed" time="0." timestamp="2025-12-12T01:40:16.249" classname="KeyboardInputDataTest" />
    <testcase name="MouseEventDetection" file="/home/rmondo/repos/yamy/src/tests/platform/input_injector_linux_test.cpp" line="408" status="run" result="completed" time="0." timestamp="2025-12-12T01:40:16.249" classname="KeyboardInputDataTest" />
    <testcase name="MouseButtonMakeCodes" file="/home/rmondo/repos/yamy/src/tests/platform/input_injector_linux_test.cpp" line="417" status="run" result="completed" time="0." timestamp="2025-12-12T01:40:16.249" classname="KeyboardInputDataTest" />
  </testsuite>
  <testsuite name="MouseButtonTest" tests="1" failures="0" disabled="0" skipped="0" errors="0" time="0." timestamp="2025-12-12T01:40:16.249">
    <testcase name="EnumValues" file="/home/rmondo/repos/yamy/src/tests/platform/input_injector_linux_test.cpp" line="440" status="run" result="completed" time="0." timestamp="2025-12-12T01:40:16.249" classname="MouseButtonTest" />
  </testsuite>
  <testsuite name="UinputAccessTest" tests="1" failures="0" disabled="0" skipped="0" errors="0" time="0." timestamp="2025-12-12T01:40:16.249">
    <testcase name="DeviceExists" file="/home/rmondo/repos/yamy/src/tests/platform/input_injector_linux_test.cpp" line="467" status="run" result="completed" time="0." timestamp="2025-12-12T01:40:16.249" classname="UinputAccessTest" />
  </testsuite>
  <testsuite name="KeyMappingCoverageTest" tests="4" failures="0" disabled="0" skipped="0" errors="0" time="0." timestamp="2025-12-12T01:40:16.249">
    <testcase name="AllLettersHaveMapping" file="/home/rmondo/repos/yamy/src/tests/platform/input_injector_linux_test.cpp" line="483" status="run" result="completed" time="0." timestamp="2025-12-12T01:40:16.249" classname="KeyMappingCoverageTest" />
    <testcase name="AllNumbersHaveMapping" file="/home/rmondo/repos/yamy/src/tests/platform/input_injector_linux_test.cpp" line="492" status="run" result="completed" time="0." timestamp="2025-12-12T01:40:16.249" classname="KeyMappingCoverageTest" />
    <testcase name="AllFunctionKeysHaveMapping" file="/home/rmondo/repos/yamy/src/tests/platform/input_injector_linux_test.cpp" line="501" status="run" result="completed" time="0." timestamp="2025-12-12T01:40:16.249" classname="KeyMappingCoverageTest" />
    <testcase name="AllNumpadKeysHaveMapping" file="/home/rmondo/repos/yamy/src/tests/platform/input_injector_linux_test.cpp" line="510" status="run" result="completed" time="0." timestamp="2025-12-12T01:40:16.249" classname="KeyMappingCoverageTest" />
  </testsuite>
  <testsuite name="InputHookLinuxBasicTest" tests="4" failures="0" disabled="0" skipped="0" errors="0" time="0." timestamp="2025-12-12T01:40:16.249">
    <testcase name="DefaultConstruction" file="/home/rmondo/repos/yamy/src/tests/platform/input_hook_linux_test.cpp" line="37" status="run" result="completed" time="0." timestamp="2025-12-12T01:40:16.249" classname="InputHookLinuxBasicTest" />
    <testcase name="DestructorCleansUp" file="/home/rmondo/repos/yamy/src/tests/platform/input_hook_linux_test.cpp" line="43" status="run" result="completed" time="0." timestamp="2025-12-12T01:40:16.249" classname="InputHookLinuxBasicTest" />
    <testcase name="UninstallOnUninstalledIsSafe" file="/home/rmondo/repos/yamy/src/tests/platform/input_hook_linux_test.cpp" line="54" status="run" result="completed" time="0." timestamp="2025-12-12T01:40:16.249" classname="InputHookLinuxBasicTest" />
    <testcase name="MultipleUninstallsAreSafe" file="/home/rmondo/repos/yamy/src/tests/platform/input_hook_linux_test.cpp" line="64" status="run" result="completed" time="0." timestamp="2025-12-12T01:40:16.249" classname="InputHookLinuxBasicTest" />
  </testsuite>
  <testsuite name="InputHookLinuxCallbackTest" tests="4" failures="0" disabled="0" skipped="0" errors="0" time="3.266" timestamp="2025-12-12T01:40:16.249">
    <testcase name="InstallFailsWithoutDevices" file="/home/rmondo/repos/yamy/src/tests/platform/input_hook_linux_test.cpp" line="103" status="run" result="completed" time="0.806" timestamp="2025-12-12T01:40:16.249" classname="InputHookLinuxCallbackTest" />
    <testcase name="InstallWithNullKeyCallback" file="/home/rmondo/repos/yamy/src/tests/platform/input_hook_linux_test.cpp" line="130" status="run" result="completed" time="0.806" timestamp="2025-12-12T01:40:17.055" classname="InputHookLinuxCallbackTest" />
    <testcase name="InstallWithNullMouseCallback" file="/home/rmondo/repos/yamy/src/tests/platform/input_hook_linux_test.cpp" line="152" status="run" result="completed" time="0.808" timestamp="2025-12-12T01:40:17.862" classname="InputHookLinuxCallbackTest" />
    <testcase name="InstallWithBothNullCallbacks" file="/home/rmondo/repos/yamy/src/tests/platform/input_hook_linux_test.cpp" line="173" status="run" result="completed" time="0.843" timestamp="2025-12-12T01:40:18.671" classname="InputHookLinuxCallbackTest" />
  </testsuite>
  <testsuite name="EventReaderThreadTest" tests="4" failures="0" disabled="0" skipped="0" errors="0" time="0.05" timestamp="2025-12-12T01:40:19.515">
    <testcase name="Construction" file="/home/rmondo/repos/yamy/src/tests/platform/input_hook_linux_test.cpp" line="215" status="run" result="completed" time="0." timestamp="2025-12-12T01:40:19.515" classname="EventReaderThreadTest" />
    <testcase name="StartWithInvalidFdFailsGracefully" file="/home/rmondo/repos/yamy/src/tests/platform/input_hook_linux_test.cpp" line="226" status="run" result="completed" time="0.05" timestamp="2025-12-12T01:40:19.515" classname="EventReaderThreadTest" />
    <testcase name="StopOnNonStartedIsSafe" file="/home/rmondo/repos/yamy/src/tests/platform/input_hook_linux_test.cpp" line="245" status="run" result="completed" time="0." timestamp="2025-12-12T01:40:19.565" classname="EventReaderThreadTest" />
    <testcase name="MultipleStopsAreSafe" file="/home/rmondo/repos/yamy/src/tests/platform/input_hook_linux_test.cpp" line="257" status="run" result="completed" time="0." timestamp="2025-12-12T01:40:19.565" classname="EventReaderThreadTest" />
  </testsuite>
  <testsuite name="KeyEventStructureTest" tests="3" failures="0" disabled="0" skipped="0" errors="0" time="0." timestamp="2025-12-12T01:40:19.565">
    <testcase name="DefaultConstruction" file="/home/rmondo/repos/yamy/src/tests/platform/input_hook_linux_test.cpp" line="275" status="run" result="completed" time="0." timestamp="2025-12-12T01:40:19.565" classname="KeyEventStructureTest" />
    <testcase name="KeyDownEvent" file="/home/rmondo/repos/yamy/src/tests/platform/input_hook_linux_test.cpp" line="287" status="run" result="completed" time="0." timestamp="2025-12-12T01:40:19.565" classname="KeyEventStructureTest" />
    <testcase name="KeyUpEvent" file="/home/rmondo/repos/yamy/src/tests/platform/input_hook_linux_test.cpp" line="302" status="run" result="completed" time="0." timestamp="2025-12-12T01:40:19.565" classname="KeyEventStructureTest" />
  </testsuite>
  <testsuite name="EvdevEventProcessingTest" tests="4" failures="0" disabled="0" skipped="0" errors="0" time="0." timestamp="2025-12-12T01:40:19.565">
    <testcase name="OnlyKeyEventsProcessed" file="/home/rmondo/repos/yamy/src/tests/platform/input_hook_linux_test.cpp" line="320" status="run" result="completed" time="0." timestamp="2025-12-12T01:40:19.565" classname="EvdevEventProcessingTest" />
    <testcase name="ButtonFilteringConstants" file="/home/rmondo/repos/yamy/src/tests/platform/input_hook_linux_test.cpp" line="331" status="run" result="completed" time="0." timestamp="2025-12-12T01:40:19.565" classname="EvdevEventProcessingTest" />
    <testcase name="EventValueInterpretation" file="/home/rmondo/repos/yamy/src/tests/platform/input_hook_linux_test.cpp" line="342" status="run" result="completed" time="0." timestamp="2025-12-12T01:40:19.565" classname="EvdevEventProcessingTest" />
    <testcase name="TimestampConversion" file="/home/rmondo/repos/yamy/src/tests/platform/input_hook_linux_test.cpp" line="366" status="run" result="completed" time="0." timestamp="2025-12-12T01:40:19.565" classname="EvdevEventProcessingTest" />
  </testsuite>
  <testsuite name="EvdevToKeyEventMappingTest" tests="5" failures="0" disabled="0" skipped="0" errors="0" time="0." timestamp="2025-12-12T01:40:19.565">
    <testcase name="LetterKeyMapping" file="/home/rmondo/repos/yamy/src/tests/platform/input_hook_linux_test.cpp" line="382" status="run" result="completed" time="0." timestamp="2025-12-12T01:40:19.565" classname="EvdevToKeyEventMappingTest" />
    <testcase name="ModifierKeyMapping" file="/home/rmondo/repos/yamy/src/tests/platform/input_hook_linux_test.cpp" line="391" status="run" result="completed" time="0." timestamp="2025-12-12T01:40:19.565" classname="EvdevToKeyEventMappingTest" />
    <testcase name="FunctionKeyMapping" file="/home/rmondo/repos/yamy/src/tests/platform/input_hook_linux_test.cpp" line="401" status="run" result="completed" time="0." timestamp="2025-12-12T01:40:19.565" classname="EvdevToKeyEventMappingTest" />
    <testcase name="SpecialKeyMapping" file="/home/rmondo/repos/yamy/src/tests/platform/input_hook_linux_test.cpp" line="406" status="run" result="completed" time="0." timestamp="2025-12-12T01:40:19.565" classname="EvdevToKeyEventMappingTest" />
    <testcase name="UnknownKeyReturnsZero" file="/home/rmondo/repos/yamy/src/tests/platform/input_hook_linux_test.cpp" line="414" status="run" result="completed" time="0." timestamp="2025-12-12T01:40:19.565" classname="EvdevToKeyEventMappingTest" />
  </testsuite>
  <testsuite name="DevicePermissionTest" tests="1" failures="0" disabled="0" skipped="0" errors="0" time="0." timestamp="2025-12-12T01:40:19.565">
    <testcase name="CheckInputDeviceAccess" file="/home/rmondo/repos/yamy/src/tests/platform/input_hook_linux_test.cpp" line="437" status="run" result="completed" time="0." timestamp="2025-12-12T01:40:19.565" classname="DevicePermissionTest" />
  </testsuite>
  <testsuite name="ThreadSafetyTest" tests="2" failures="0" disabled="0" skipped="0" errors="0" time="0.935" timestamp="2025-12-12T01:40:19.565">
    <testcase name="IsInstalledThreadSafe" file="/home/rmondo/repos/yamy/src/tests/platform/input_hook_linux_test.cpp" line="473" status="run" result="completed" time="0.05" timestamp="2025-12-12T01:40:19.565" classname="ThreadSafetyTest" />
    <testcase name="RapidInstallUninstall" file="/home/rmondo/repos/yamy/src/tests/platform/input_hook_linux_test.cpp" line="497" status="run" result="completed" time="0.885" timestamp="2025-12-12T01:40:19.616" classname="ThreadSafetyTest" />
  </testsuite>
  <testsuite name="InputDataStructureTest" tests="3" failures="0" disabled="0" skipped="0" errors="0" time="0." timestamp="2025-12-12T01:40:20.501">
    <testcase name="BreakFlagIndicatesKeyUp" file="/home/rmondo/repos/yamy/src/tests/platform/input_hook_linux_test.cpp" line="524" status="run" result="completed" time="0." timestamp="2025-12-12T01:40:20.501" classname="InputDataStructureTest" />
    <testcase name="ExtendedKeyFlags" file="/home/rmondo/repos/yamy/src/tests/platform/input_hook_linux_test.cpp" line="531" status="run" result="completed" time="0." timestamp="2025-12-12T01:40:20.501" classname="InputDataStructureTest" />
    <testcase name="MakeCodeStorage" file="/home/rmondo/repos/yamy/src/tests/platform/input_hook_linux_test.cpp" line="545" status="run" result="completed" time="0." timestamp="2025-12-12T01:40:20.501" classname="InputDataStructureTest" />
  </testsuite>
  <testsuite name="IPCLinuxTest" tests="5" failures="0" disabled="0" skipped="0" errors="0" time="2.045" timestamp="2025-12-12T01:40:20.501">
    <testcase name="ServerSocketCreation" file="/home/rmondo/repos/yamy/src/tests/platform/ipc_linux_test.cpp" line="119" status="run" result="completed" time="0." timestamp="2025-12-12T01:40:20.501" classname="IPCLinuxTest" />
    <testcase name="SocketPathCleanup" file="/home/rmondo/repos/yamy/src/tests/platform/ipc_linux_test.cpp" line="125" status="run" result="completed" time="0." timestamp="2025-12-12T01:40:20.501" classname="IPCLinuxTest" />
    <testcase name="ConnectToNonExistentSocket" file="/home/rmondo/repos/yamy/src/tests/platform/ipc_linux_test.cpp" line="144" status="run" result="completed" time="0." timestamp="2025-12-12T01:40:20.501" classname="IPCLinuxTest" />
    <testcase name="ConnectToValidSocket" file="/home/rmondo/repos/yamy/src/tests/platform/ipc_linux_test.cpp" line="158" status="run" result="completed" time="2.044" timestamp="2025-12-12T01:40:20.501" classname="IPCLinuxTest" />
    <testcase name="SocketFilePermissions" file="/home/rmondo/repos/yamy/src/tests/platform/ipc_linux_test.cpp" line="649" status="run" result="completed" time="0." timestamp="2025-12-12T01:40:22.546" classname="IPCLinuxTest" />
  </testsuite>
  <testsuite name="IPCLinuxMessageTest" tests="6" failures="0" disabled="0" skipped="0" errors="0" time="0.352" timestamp="2025-12-12T01:40:22.546">
    <testcase name="SendEmptyMessage" file="/home/rmondo/repos/yamy/src/tests/platform/ipc_linux_test.cpp" line="319" status="run" result="completed" time="0.05" timestamp="2025-12-12T01:40:22.546" classname="IPCLinuxMessageTest" />
    <testcase name="SendMessageWithPayload" file="/home/rmondo/repos/yamy/src/tests/platform/ipc_linux_test.cpp" line="344" status="run" result="completed" time="0.05" timestamp="2025-12-12T01:40:22.597" classname="IPCLinuxMessageTest" />
    <testcase name="SendLargePayload" file="/home/rmondo/repos/yamy/src/tests/platform/ipc_linux_test.cpp" line="373" status="run" result="completed" time="0.05" timestamp="2025-12-12T01:40:22.647" classname="IPCLinuxMessageTest" />
    <testcase name="MultipleSequentialMessages" file="/home/rmondo/repos/yamy/src/tests/platform/ipc_linux_test.cpp" line="408" status="run" result="completed" time="0.15" timestamp="2025-12-12T01:40:22.697" classname="IPCLinuxMessageTest" />
    <testcase name="SendToClosedSocket" file="/home/rmondo/repos/yamy/src/tests/platform/ipc_linux_test.cpp" line="443" status="run" result="completed" time="0." timestamp="2025-12-12T01:40:22.848" classname="IPCLinuxMessageTest" />
    <testcase name="ResultPointerOptional" file="/home/rmondo/repos/yamy/src/tests/platform/ipc_linux_test.cpp" line="461" status="run" result="completed" time="0.05" timestamp="2025-12-12T01:40:22.848" classname="IPCLinuxMessageTest" />
  </testsuite>
  <testsuite name="CopyDataTest" tests="2" failures="0" disabled="0" skipped="0" errors="0" time="0." timestamp="2025-12-12T01:40:22.899">
    <testcase name="StructureLayout" file="/home/rmondo/repos/yamy/src/tests/platform/ipc_linux_test.cpp" line="486" status="run" result="completed" time="0." timestamp="2025-12-12T01:40:22.899" classname="CopyDataTest" />
    <testcase name="ZeroInitialization" file="/home/rmondo/repos/yamy/src/tests/platform/ipc_linux_test.cpp" line="497" status="run" result="completed" time="0." timestamp="2025-12-12T01:40:22.899" classname="CopyDataTest" />
  </testsuite>
  <testsuite name="SendMessageFlagsTest" tests="2" failures="0" disabled="0" skipped="0" errors="0" time="0." timestamp="2025-12-12T01:40:22.899">
    <testcase name="FlagValues" file="/home/rmondo/repos/yamy/src/tests/platform/ipc_linux_test.cpp" line="508" status="run" result="completed" time="0." timestamp="2025-12-12T01:40:22.899" classname="SendMessageFlagsTest" />
    <testcase name="FlagCombinations" file="/home/rmondo/repos/yamy/src/tests/platform/ipc_linux_test.cpp" line="514" status="run" result="completed" time="0." timestamp="2025-12-12T01:40:22.899" classname="SendMessageFlagsTest" />
  </testsuite>
  <testsuite name="IPCLinuxConcurrencyTest" tests="1" failures="0" disabled="0" skipped="0" errors="0" time="0.15" timestamp="2025-12-12T01:40:22.899">
    <testcase name="MultipleConcurrentSenders" file="/home/rmondo/repos/yamy/src/tests/platform/ipc_linux_test.cpp" line="605" status="run" result="completed" time="0.15" timestamp="2025-12-12T01:40:22.899" classname="IPCLinuxConcurrencyTest" />
  </testsuite>
  <testsuite name="IPCMultiInstanceTest" tests="17" failures="0" disabled="0" skipped="0" errors="0" time="1.405" timestamp="2025-12-12T01:40:23.049">
    <testcase name="DetectRunningInstance" file="/home/rmondo/repos/yamy/src/tests/platform/ipc_multi_instance_test.cpp" line="277" status="run" result="completed" time="0.05" timestamp="2025-12-12T01:40:23.049" classname="IPCMultiInstanceTest" />
    <testcase name="NoInstanceRunning" file="/home/rmondo/repos/yamy/src/tests/platform/ipc_multi_instance_test.cpp" line="292" status="run" result="completed" time="0." timestamp="2025-12-12T01:40:23.100" classname="IPCMultiInstanceTest" />
    <testcase name="StaleSocketFile" file="/home/rmondo/repos/yamy/src/tests/platform/ipc_multi_instance_test.cpp" line="298" status="run" result="completed" time="0." timestamp="2025-12-12T01:40:23.100" classname="IPCMultiInstanceTest" />
    <testcase name="SendReloadCommand" file="/home/rmondo/repos/yamy/src/tests/platform/ipc_multi_instance_test.cpp" line="320" status="run" result="completed" time="0.15" timestamp="2025-12-12T01:40:23.100" classname="IPCMultiInstanceTest" />
    <testcase name="ReloadToNonExistentInstance" file="/home/rmondo/repos/yamy/src/tests/platform/ipc_multi_instance_test.cpp" line="344" status="run" result="completed" time="0." timestamp="2025-12-12T01:40:23.250" classname="IPCMultiInstanceTest" />
    <testcase name="SendExitCommand" file="/home/rmondo/repos/yamy/src/tests/platform/ipc_multi_instance_test.cpp" line="353" status="run" result="completed" time="0.15" timestamp="2025-12-12T01:40:23.250" classname="IPCMultiInstanceTest" />
    <testcase name="ExitToNonExistentInstance" file="/home/rmondo/repos/yamy/src/tests/platform/ipc_multi_instance_test.cpp" line="377" status="run" result="completed" time="0." timestamp="2025-12-12T01:40:23.401" classname="IPCMultiInstanceTest" />
    <testcase name="SocketCleanupOnStop" file="/home/rmondo/repos/yamy/src/tests/platform/ipc_multi_instance_test.cpp" line="386" status="run" result="completed" time="0." timestamp="2025-12-12T01:40:23.401" classname="IPCMultiInstanceTest" />
    <testcase name="SocketCleanupOnDestruction" file="/home/rmondo/repos/yamy/src/tests/platform/ipc_multi_instance_test.cpp" line="400" status="run" result="completed" time="0." timestamp="2025-12-12T01:40:23.401" classname="IPCMultiInstanceTest" />
    <testcase name="MultipleStartStopCycles" file="/home/rmondo/repos/yamy/src/tests/platform/ipc_multi_instance_test.cpp" line="412" status="run" result="completed" time="0." timestamp="2025-12-12T01:40:23.401" classname="IPCMultiInstanceTest" />
    <testcase name="SendCommandWithPayload" file="/home/rmondo/repos/yamy/src/tests/platform/ipc_multi_instance_test.cpp" line="426" status="run" result="completed" time="0.15" timestamp="2025-12-12T01:40:23.401" classname="IPCMultiInstanceTest" />
    <testcase name="MultipleCommandsSequential" file="/home/rmondo/repos/yamy/src/tests/platform/ipc_multi_instance_test.cpp" line="454" status="run" result="completed" time="0.25" timestamp="2025-12-12T01:40:23.552" classname="IPCMultiInstanceTest" />
    <testcase name="ConcurrentCommands" file="/home/rmondo/repos/yamy/src/tests/platform/ipc_multi_instance_test.cpp" line="476" status="run" result="completed" time="0.25" timestamp="2025-12-12T01:40:23.802" classname="IPCMultiInstanceTest" />
    <testcase name="SendToShuttingDownServer" file="/home/rmondo/repos/yamy/src/tests/platform/ipc_multi_instance_test.cpp" line="507" status="run" result="completed" time="0.15" timestamp="2025-12-12T01:40:24.053" classname="IPCMultiInstanceTest" />
    <testcase name="ServerRestartRecovery" file="/home/rmondo/repos/yamy/src/tests/platform/ipc_multi_instance_test.cpp" line="533" status="run" result="completed" time="0.2" timestamp="2025-12-12T01:40:24.204" classname="IPCMultiInstanceTest" />
    <testcase name="SocketFileIsSocket" file="/home/rmondo/repos/yamy/src/tests/platform/ipc_multi_instance_test.cpp" line="564" status="run" result="completed" time="0." timestamp="2025-12-12T01:40:24.405" classname="IPCMultiInstanceTest" />
    <testcase name="SendCopyDataIntegration" file="/home/rmondo/repos/yamy/src/tests/platform/ipc_multi_instance_test.cpp" line="577" status="run" result="completed" time="0.05" timestamp="2025-12-12T01:40:24.405" classname="IPCMultiInstanceTest" />
  </testsuite>
  <testsuite name="ConfigManagerTest" tests="40" failures="0" disabled="0" skipped="0" errors="0" time="0.141" timestamp="2025-12-12T01:40:24.455">
    <testcase name="SingletonReturnsInstance" file="/home/rmondo/repos/yamy/src/tests/platform/config_manager_test.cpp" line="43" status="run" result="completed" time="0." timestamp="2025-12-12T01:40:24.455" classname="ConfigManagerTest" />
    <testcase name="InitialStateIsEmpty" file="/home/rmondo/repos/yamy/src/tests/platform/config_manager_test.cpp" line="49" status="run" result="completed" time="0." timestamp="2025-12-12T01:40:24.456" classname="ConfigManagerTest" />
    <testcase name="AddConfigSucceeds" file="/home/rmondo/repos/yamy/src/tests/platform/config_manager_test.cpp" line="56" status="run" result="completed" time="0." timestamp="2025-12-12T01:40:24.456" classname="ConfigManagerTest" />
    <testcase name="AddDuplicateConfigFails" file="/home/rmondo/repos/yamy/src/tests/platform/config_manager_test.cpp" line="76" status="run" result="completed" time="0." timestamp="2025-12-12T01:40:24.456" classname="ConfigManagerTest" />
    <testcase name="RemoveConfigSucceeds" file="/home/rmondo/repos/yamy/src/tests/platform/config_manager_test.cpp" line="85" status="run" result="completed" time="0." timestamp="2025-12-12T01:40:24.456" classname="ConfigManagerTest" />
    <testcase name="RemoveNonexistentConfigFails" file="/home/rmondo/repos/yamy/src/tests/platform/config_manager_test.cpp" line="100" status="run" result="completed" time="0." timestamp="2025-12-12T01:40:24.457" classname="ConfigManagerTest" />
    <testcase name="SetActiveConfigByPath" file="/home/rmondo/repos/yamy/src/tests/platform/config_manager_test.cpp" line="105" status="run" result="completed" time="0." timestamp="2025-12-12T01:40:24.457" classname="ConfigManagerTest" />
    <testcase name="SetActiveConfigByIndex" file="/home/rmondo/repos/yamy/src/tests/platform/config_manager_test.cpp" line="115" status="run" result="completed" time="0." timestamp="2025-12-12T01:40:24.457" classname="ConfigManagerTest" />
    <testcase name="SetInvalidActiveConfigFails" file="/home/rmondo/repos/yamy/src/tests/platform/config_manager_test.cpp" line="138" status="run" result="completed" time="0." timestamp="2025-12-12T01:40:24.457" classname="ConfigManagerTest" />
    <testcase name="ScanDirectoryFindsConfigs" file="/home/rmondo/repos/yamy/src/tests/platform/config_manager_test.cpp" line="143" status="run" result="completed" time="0." timestamp="2025-12-12T01:40:24.457" classname="ConfigManagerTest" />
    <testcase name="RefreshListUpdatesExistStatus" file="/home/rmondo/repos/yamy/src/tests/platform/config_manager_test.cpp" line="164" status="run" result="completed" time="0." timestamp="2025-12-12T01:40:24.458" classname="ConfigManagerTest" />
    <testcase name="ChangeCallbackIsCalled" file="/home/rmondo/repos/yamy/src/tests/platform/config_manager_test.cpp" line="198" status="run" result="completed" time="0." timestamp="2025-12-12T01:40:24.458" classname="ConfigManagerTest" />
    <testcase name="GetDefaultConfigDir" file="/home/rmondo/repos/yamy/src/tests/platform/config_manager_test.cpp" line="217" status="run" result="completed" time="0." timestamp="2025-12-12T01:40:24.458" classname="ConfigManagerTest" />
    <testcase name="ExtractNameFromPath" file="/home/rmondo/repos/yamy/src/tests/platform/config_manager_test.cpp" line="225" status="run" result="completed" time="0." timestamp="2025-12-12T01:40:24.458" classname="ConfigManagerTest" />
    <testcase name="ThreadSafeAccess" file="/home/rmondo/repos/yamy/src/tests/platform/config_manager_test.cpp" line="240" status="run" result="completed" time="0.002" timestamp="2025-12-12T01:40:24.459" classname="ConfigManagerTest" />
    <testcase name="CreateBackupSucceeds" file="/home/rmondo/repos/yamy/src/tests/platform/config_manager_test.cpp" line="264" status="run" result="completed" time="0." timestamp="2025-12-12T01:40:24.461" classname="ConfigManagerTest" />
    <testcase name="CreateBackupNonexistentFileFails" file="/home/rmondo/repos/yamy/src/tests/platform/config_manager_test.cpp" line="282" status="run" result="completed" time="0." timestamp="2025-12-12T01:40:24.462" classname="ConfigManagerTest" />
    <testcase name="ListBackupsReturnsCorrectList" file="/home/rmondo/repos/yamy/src/tests/platform/config_manager_test.cpp" line="287" status="run" result="completed" time="0.031" timestamp="2025-12-12T01:40:24.462" classname="ConfigManagerTest" />
    <testcase name="ListBackupsReturnsEmptyForNoBackups" file="/home/rmondo/repos/yamy/src/tests/platform/config_manager_test.cpp" line="316" status="run" result="completed" time="0." timestamp="2025-12-12T01:40:24.494" classname="ConfigManagerTest" />
    <testcase name="RestoreBackupSucceeds" file="/home/rmondo/repos/yamy/src/tests/platform/config_manager_test.cpp" line="324" status="run" result="completed" time="0.001" timestamp="2025-12-12T01:40:24.494" classname="ConfigManagerTest" />
    <testcase name="RestoreBackupCreatesPreRestoreBackup" file="/home/rmondo/repos/yamy/src/tests/platform/config_manager_test.cpp" line="357" status="run" result="completed" time="0.002" timestamp="2025-12-12T01:40:24.496" classname="ConfigManagerTest" />
    <testcase name="RestoreNonexistentBackupFails" file="/home/rmondo/repos/yamy/src/tests/platform/config_manager_test.cpp" line="384" status="run" result="completed" time="0." timestamp="2025-12-12T01:40:24.498" classname="ConfigManagerTest" />
    <testcase name="DeleteBackupSucceeds" file="/home/rmondo/repos/yamy/src/tests/platform/config_manager_test.cpp" line="389" status="run" result="completed" time="0." timestamp="2025-12-12T01:40:24.498" classname="ConfigManagerTest" />
    <testcase name="DeleteNonBackupFileFails" file="/home/rmondo/repos/yamy/src/tests/platform/config_manager_test.cpp" line="402" status="run" result="completed" time="0." timestamp="2025-12-12T01:40:24.499" classname="ConfigManagerTest" />
    <testcase name="BackupLimitEnforced" file="/home/rmondo/repos/yamy/src/tests/platform/config_manager_test.cpp" line="412" status="run" result="completed" time="0.084" timestamp="2025-12-12T01:40:24.499" classname="ConfigManagerTest" />
    <testcase name="GetBackupDirReturnsCorrectPath" file="/home/rmondo/repos/yamy/src/tests/platform/config_manager_test.cpp" line="427" status="run" result="completed" time="0." timestamp="2025-12-12T01:40:24.583" classname="ConfigManagerTest" />
    <testcase name="ExportConfigSucceeds" file="/home/rmondo/repos/yamy/src/tests/platform/config_manager_test.cpp" line="440" status="run" result="completed" time="0.001" timestamp="2025-12-12T01:40:24.583" classname="ConfigManagerTest" />
    <testcase name="ExportConfigWithIncludes" file="/home/rmondo/repos/yamy/src/tests/platform/config_manager_test.cpp" line="451" status="run" result="completed" time="0.001" timestamp="2025-12-12T01:40:24.585" classname="ConfigManagerTest" />
    <testcase name="ExportNonexistentConfigFails" file="/home/rmondo/repos/yamy/src/tests/platform/config_manager_test.cpp" line="487" status="run" result="completed" time="0." timestamp="2025-12-12T01:40:24.586" classname="ConfigManagerTest" />
    <testcase name="ImportConfigSucceeds" file="/home/rmondo/repos/yamy/src/tests/platform/config_manager_test.cpp" line="494" status="run" result="completed" time="0.001" timestamp="2025-12-12T01:40:24.587" classname="ConfigManagerTest" />
    <testcase name="ImportConfigWithIncludes" file="/home/rmondo/repos/yamy/src/tests/platform/config_manager_test.cpp" line="515" status="run" result="completed" time="0.001" timestamp="2025-12-12T01:40:24.588" classname="ConfigManagerTest" />
    <testcase name="ImportConfigNoOverwriteFailsOnExisting" file="/home/rmondo/repos/yamy/src/tests/platform/config_manager_test.cpp" line="546" status="run" result="completed" time="0." timestamp="2025-12-12T01:40:24.590" classname="ConfigManagerTest" />
    <testcase name="ImportConfigWithOverwrite" file="/home/rmondo/repos/yamy/src/tests/platform/config_manager_test.cpp" line="569" status="run" result="completed" time="0.001" timestamp="2025-12-12T01:40:24.590" classname="ConfigManagerTest" />
    <testcase name="ImportNonexistentArchiveFails" file="/home/rmondo/repos/yamy/src/tests/platform/config_manager_test.cpp" line="600" status="run" result="completed" time="0." timestamp="2025-12-12T01:40:24.592" classname="ConfigManagerTest" />
    <testcase name="ValidateArchiveSucceeds" file="/home/rmondo/repos/yamy/src/tests/platform/config_manager_test.cpp" line="607" status="run" result="completed" time="0." timestamp="2025-12-12T01:40:24.592" classname="ConfigManagerTest" />
    <testcase name="ValidateInvalidArchiveFails" file="/home/rmondo/repos/yamy/src/tests/platform/config_manager_test.cpp" line="619" status="run" result="completed" time="0." timestamp="2025-12-12T01:40:24.593" classname="ConfigManagerTest" />
    <testcase name="ListArchiveContents" file="/home/rmondo/repos/yamy/src/tests/platform/config_manager_test.cpp" line="631" status="run" result="completed" time="0.001" timestamp="2025-12-12T01:40:24.593" classname="ConfigManagerTest" />
    <testcase name="ExportCreatesDirectoryIfNeeded" file="/home/rmondo/repos/yamy/src/tests/platform/config_manager_test.cpp" line="650" status="run" result="completed" time="0." timestamp="2025-12-12T01:40:24.595" classname="ConfigManagerTest" />
    <testcase name="ImportAddsConfigToManager" file="/home/rmondo/repos/yamy/src/tests/platform/config_manager_test.cpp" line="665" status="run" result="completed" time="0." timestamp="2025-12-12T01:40:24.595" classname="ConfigManagerTest" />
    <testcase name="GetExportDir" file="/home/rmondo/repos/yamy/src/tests/platform/config_manager_test.cpp" line="692" status="run" result="completed" time="0." timestamp="2025-12-12T01:40:24.596" classname="ConfigManagerTest" />
  </testsuite>
  <testsuite name="ConfigValidatorTest" tests="30" failures="0" disabled="0" skipped="0" errors="0" time="0.005" timestamp="2025-12-12T01:40:24.596">
    <testcase name="ValidateEmptyFile" file="/home/rmondo/repos/yamy/src/tests/platform/config_validator_test.cpp" line="43" status="run" result="completed" time="0." timestamp="2025-12-12T01:40:24.596" classname="ConfigValidatorTest" />
    <testcase name="ValidateCommentOnlyFile" file="/home/rmondo/repos/yamy/src/tests/platform/config_validator_test.cpp" line="51" status="run" result="completed" time="0." timestamp="2025-12-12T01:40:24.597" classname="ConfigValidatorTest" />
    <testcase name="ValidateNonexistentFile" file="/home/rmondo/repos/yamy/src/tests/platform/config_validator_test.cpp" line="62" status="run" result="completed" time="0." timestamp="2025-12-12T01:40:24.597" classname="ConfigValidatorTest" />
    <testcase name="ValidateBasicKeymap" file="/home/rmondo/repos/yamy/src/tests/platform/config_validator_test.cpp" line="74" status="run" result="completed" time="0." timestamp="2025-12-12T01:40:24.597" classname="ConfigValidatorTest" />
    <testcase name="ValidateWindowKeymap" file="/home/rmondo/repos/yamy/src/tests/platform/config_validator_test.cpp" line="83" status="run" result="completed" time="0." timestamp="2025-12-12T01:40:24.597" classname="ConfigValidatorTest" />
    <testcase name="ValidateKeyseqDefinition" file="/home/rmondo/repos/yamy/src/tests/platform/config_validator_test.cpp" line="93" status="run" result="completed" time="0." timestamp="2025-12-12T01:40:24.597" classname="ConfigValidatorTest" />
    <testcase name="ValidateDefineSymbol" file="/home/rmondo/repos/yamy/src/tests/platform/config_validator_test.cpp" line="103" status="run" result="completed" time="0." timestamp="2025-12-12T01:40:24.597" classname="ConfigValidatorTest" />
    <testcase name="ValidateBalancedIfEndif" file="/home/rmondo/repos/yamy/src/tests/platform/config_validator_test.cpp" line="119" status="run" result="completed" time="0." timestamp="2025-12-12T01:40:24.597" classname="ConfigValidatorTest" />
    <testcase name="DetectUnbalancedIf" file="/home/rmondo/repos/yamy/src/tests/platform/config_validator_test.cpp" line="130" status="run" result="completed" time="0." timestamp="2025-12-12T01:40:24.598" classname="ConfigValidatorTest" />
    <testcase name="DetectElseWithoutIf" file="/home/rmondo/repos/yamy/src/tests/platform/config_validator_test.cpp" line="152" status="run" result="completed" time="0." timestamp="2025-12-12T01:40:24.598" classname="ConfigValidatorTest" />
    <testcase name="DetectEndifWithoutIf" file="/home/rmondo/repos/yamy/src/tests/platform/config_validator_test.cpp" line="163" status="run" result="completed" time="0." timestamp="2025-12-12T01:40:24.598" classname="ConfigValidatorTest" />
    <testcase name="ValidateNestedIf" file="/home/rmondo/repos/yamy/src/tests/platform/config_validator_test.cpp" line="173" status="run" result="completed" time="0." timestamp="2025-12-12T01:40:24.598" classname="ConfigValidatorTest" />
    <testcase name="ValidateIncludeExistingFile" file="/home/rmondo/repos/yamy/src/tests/platform/config_validator_test.cpp" line="190" status="run" result="completed" time="0." timestamp="2025-12-12T01:40:24.598" classname="ConfigValidatorTest" />
    <testcase name="DetectIncludeMissingFile" file="/home/rmondo/repos/yamy/src/tests/platform/config_validator_test.cpp" line="201" status="run" result="completed" time="0." timestamp="2025-12-12T01:40:24.598" classname="ConfigValidatorTest" />
    <testcase name="DetectCircularInclude" file="/home/rmondo/repos/yamy/src/tests/platform/config_validator_test.cpp" line="219" status="run" result="completed" time="0." timestamp="2025-12-12T01:40:24.599" classname="ConfigValidatorTest" />
    <testcase name="DetectIncludeDepthExceeded" file="/home/rmondo/repos/yamy/src/tests/platform/config_validator_test.cpp" line="238" status="run" result="completed" time="0." timestamp="2025-12-12T01:40:24.599" classname="ConfigValidatorTest" />
    <testcase name="DisableIncludeChecking" file="/home/rmondo/repos/yamy/src/tests/platform/config_validator_test.cpp" line="264" status="run" result="completed" time="0." timestamp="2025-12-12T01:40:24.599" classname="ConfigValidatorTest" />
    <testcase name="WarnUndefinedKeymapReference" file="/home/rmondo/repos/yamy/src/tests/platform/config_validator_test.cpp" line="281" status="run" result="completed" time="0." timestamp="2025-12-12T01:40:24.600" classname="ConfigValidatorTest" />
    <testcase name="ValidateDefinedKeymapReference" file="/home/rmondo/repos/yamy/src/tests/platform/config_validator_test.cpp" line="291" status="run" result="completed" time="0." timestamp="2025-12-12T01:40:24.600" classname="ConfigValidatorTest" />
    <testcase name="WarnUndefinedKeyseqReference" file="/home/rmondo/repos/yamy/src/tests/platform/config_validator_test.cpp" line="301" status="run" result="completed" time="0." timestamp="2025-12-12T01:40:24.600" classname="ConfigValidatorTest" />
    <testcase name="ValidateString" file="/home/rmondo/repos/yamy/src/tests/platform/config_validator_test.cpp" line="318" status="run" result="completed" time="0." timestamp="2025-12-12T01:40:24.600" classname="ConfigValidatorTest" />
    <testcase name="ValidateStringWithErrors" file="/home/rmondo/repos/yamy/src/tests/platform/config_validator_test.cpp" line="329" status="run" result="completed" time="0." timestamp="2025-12-12T01:40:24.600" classname="ConfigValidatorTest" />
    <testcase name="ErrorFormatContainsLineNumber" file="/home/rmondo/repos/yamy/src/tests/platform/config_validator_test.cpp" line="344" status="run" result="completed" time="0." timestamp="2025-12-12T01:40:24.600" classname="ConfigValidatorTest" />
    <testcase name="WarningFormatContainsWarning" file="/home/rmondo/repos/yamy/src/tests/platform/config_validator_test.cpp" line="352" status="run" result="completed" time="0." timestamp="2025-12-12T01:40:24.600" classname="ConfigValidatorTest" />
    <testcase name="ResultFormatAll" file="/home/rmondo/repos/yamy/src/tests/platform/config_validator_test.cpp" line="358" status="run" result="completed" time="0." timestamp="2025-12-12T01:40:24.600" classname="ConfigValidatorTest" />
    <testcase name="ValidationTimeIsRecorded" file="/home/rmondo/repos/yamy/src/tests/platform/config_validator_test.cpp" line="374" status="run" result="completed" time="0." timestamp="2025-12-12T01:40:24.600" classname="ConfigValidatorTest" />
    <testcase name="ValidationIsFast" file="/home/rmondo/repos/yamy/src/tests/platform/config_validator_test.cpp" line="385" status="run" result="completed" time="0." timestamp="2025-12-12T01:40:24.601" classname="ConfigValidatorTest" />
    <testcase name="CustomIncludeDepth" file="/home/rmondo/repos/yamy/src/tests/platform/config_validator_test.cpp" line="404" status="run" result="completed" time="0." timestamp="2025-12-12T01:40:24.601" classname="ConfigValidatorTest" />
    <testcase name="AddIncludePath" file="/home/rmondo/repos/yamy/src/tests/platform/config_validator_test.cpp" line="432" status="run" result="completed" time="0." timestamp="2025-12-12T01:40:24.602" classname="ConfigValidatorTest" />
    <testcase name="HandleUTF8BOM" file="/home/rmondo/repos/yamy/src/tests/platform/config_validator_test.cpp" line="458" status="run" result="completed" time="0." timestamp="2025-12-12T01:40:24.602" classname="ConfigValidatorTest" />
  </testsuite>
  <testsuite name="ConfigMetadataTest" tests="24" failures="0" disabled="0" skipped="0" errors="0" time="1.299" timestamp="2025-12-12T01:40:24.602">
    <testcase name="DefaultConstructor" file="/home/rmondo/repos/yamy/src/tests/platform/config_metadata_test.cpp" line="60" status="run" result="completed" time="0." timestamp="2025-12-12T01:40:24.602" classname="ConfigMetadataTest" />
    <testcase name="LoadNonexistentMetadata" file="/home/rmondo/repos/yamy/src/tests/platform/config_metadata_test.cpp" line="72" status="run" result="completed" time="0." timestamp="2025-12-12T01:40:24.602" classname="ConfigMetadataTest" />
    <testcase name="SaveAndLoadMetadata" file="/home/rmondo/repos/yamy/src/tests/platform/config_metadata_test.cpp" line="84" status="run" result="completed" time="0." timestamp="2025-12-12T01:40:24.603" classname="ConfigMetadataTest" />
    <testcase name="TouchUpdatesModifiedDate" file="/home/rmondo/repos/yamy/src/tests/platform/config_metadata_test.cpp" line="119" status="run" result="completed" time="1.1" timestamp="2025-12-12T01:40:24.603" classname="ConfigMetadataTest" />
    <testcase name="RemoveMetadata" file="/home/rmondo/repos/yamy/src/tests/platform/config_metadata_test.cpp" line="136" status="run" result="completed" time="0." timestamp="2025-12-12T01:40:25.704" classname="ConfigMetadataTest" />
    <testcase name="RemoveNonexistentMetadata" file="/home/rmondo/repos/yamy/src/tests/platform/config_metadata_test.cpp" line="149" status="run" result="completed" time="0." timestamp="2025-12-12T01:40:25.704" classname="ConfigMetadataTest" />
    <testcase name="MetadataDirCreation" file="/home/rmondo/repos/yamy/src/tests/platform/config_metadata_test.cpp" line="160" status="run" result="completed" time="0." timestamp="2025-12-12T01:40:25.705" classname="ConfigMetadataTest" />
    <testcase name="MetadataPathGeneration" file="/home/rmondo/repos/yamy/src/tests/platform/config_metadata_test.cpp" line="171" status="run" result="completed" time="0." timestamp="2025-12-12T01:40:25.705" classname="ConfigMetadataTest" />
    <testcase name="AddTag" file="/home/rmondo/repos/yamy/src/tests/platform/config_metadata_test.cpp" line="182" status="run" result="completed" time="0." timestamp="2025-12-12T01:40:25.705" classname="ConfigMetadataTest" />
    <testcase name="AddDuplicateTag" file="/home/rmondo/repos/yamy/src/tests/platform/config_metadata_test.cpp" line="190" status="run" result="completed" time="0." timestamp="2025-12-12T01:40:25.705" classname="ConfigMetadataTest" />
    <testcase name="RemoveTag" file="/home/rmondo/repos/yamy/src/tests/platform/config_metadata_test.cpp" line="198" status="run" result="completed" time="0." timestamp="2025-12-12T01:40:25.705" classname="ConfigMetadataTest" />
    <testcase name="RemoveNonexistentTag" file="/home/rmondo/repos/yamy/src/tests/platform/config_metadata_test.cpp" line="210" status="run" result="completed" time="0." timestamp="2025-12-12T01:40:25.706" classname="ConfigMetadataTest" />
    <testcase name="ClearTags" file="/home/rmondo/repos/yamy/src/tests/platform/config_metadata_test.cpp" line="218" status="run" result="completed" time="0." timestamp="2025-12-12T01:40:25.706" classname="ConfigMetadataTest" />
    <testcase name="SetNameUpdatesModifiedDate" file="/home/rmondo/repos/yamy/src/tests/platform/config_metadata_test.cpp" line="231" status="run" result="completed" time="0.01" timestamp="2025-12-12T01:40:25.706" classname="ConfigMetadataTest" />
    <testcase name="SetDescriptionUpdatesModifiedDate" file="/home/rmondo/repos/yamy/src/tests/platform/config_metadata_test.cpp" line="241" status="run" result="completed" time="0.01" timestamp="2025-12-12T01:40:25.716" classname="ConfigMetadataTest" />
    <testcase name="SetAuthorUpdatesModifiedDate" file="/home/rmondo/repos/yamy/src/tests/platform/config_metadata_test.cpp" line="251" status="run" result="completed" time="0.01" timestamp="2025-12-12T01:40:25.727" classname="ConfigMetadataTest" />
    <testcase name="AddTagUpdatesModifiedDate" file="/home/rmondo/repos/yamy/src/tests/platform/config_metadata_test.cpp" line="261" status="run" result="completed" time="0.01" timestamp="2025-12-12T01:40:25.737" classname="ConfigMetadataTest" />
    <testcase name="JsonEscaping" file="/home/rmondo/repos/yamy/src/tests/platform/config_metadata_test.cpp" line="273" status="run" result="completed" time="0." timestamp="2025-12-12T01:40:25.747" classname="ConfigMetadataTest" />
    <testcase name="EmptyFields" file="/home/rmondo/repos/yamy/src/tests/platform/config_metadata_test.cpp" line="295" status="run" result="completed" time="0." timestamp="2025-12-12T01:40:25.748" classname="ConfigMetadataTest" />
    <testcase name="LargeMetadata" file="/home/rmondo/repos/yamy/src/tests/platform/config_metadata_test.cpp" line="313" status="run" result="completed" time="0." timestamp="2025-12-12T01:40:25.748" classname="ConfigMetadataTest" />
    <testcase name="DifferentConfigsSeparateMetadata" file="/home/rmondo/repos/yamy/src/tests/platform/config_metadata_test.cpp" line="339" status="run" result="completed" time="0." timestamp="2025-12-12T01:40:25.749" classname="ConfigMetadataTest" />
    <testcase name="ConfigPathWithSpaces" file="/home/rmondo/repos/yamy/src/tests/platform/config_metadata_test.cpp" line="369" status="run" result="completed" time="0." timestamp="2025-12-12T01:40:25.749" classname="ConfigMetadataTest" />
    <testcase name="UnicodeContent" file="/home/rmondo/repos/yamy/src/tests/platform/config_metadata_test.cpp" line="389" status="run" result="completed" time="0." timestamp="2025-12-12T01:40:25.750" classname="ConfigMetadataTest" />
    <testcase name="CreatedDatePersistence" file="/home/rmondo/repos/yamy/src/tests/platform/config_metadata_test.cpp" line="407" status="run" result="completed" time="0.152" timestamp="2025-12-12T01:40:25.750" classname="ConfigMetadataTest" />
  </testsuite>
  <testsuite name="KeyRemapLinuxTest" tests="15" failures="0" disabled="0" skipped="0" errors="0" time="0.009" timestamp="2025-12-12T01:40:25.902">
    <testcase name="SimpleKeyRemap" file="/home/rmondo/repos/yamy/src/tests/platform/key_remap_linux_test.cpp" line="114" status="run" result="completed" time="0." timestamp="2025-12-12T01:40:25.902" classname="KeyRemapLinuxTest" />
    <testcase name="KeySwap" file="/home/rmondo/repos/yamy/src/tests/platform/key_remap_linux_test.cpp" line="145" status="run" result="completed" time="0." timestamp="2025-12-12T01:40:25.903" classname="KeyRemapLinuxTest" />
    <testcase name="ModifierKeyRemap" file="/home/rmondo/repos/yamy/src/tests/platform/key_remap_linux_test.cpp" line="179" status="run" result="completed" time="0." timestamp="2025-12-12T01:40:25.904" classname="KeyRemapLinuxTest" />
    <testcase name="KeyCombinationRemap" file="/home/rmondo/repos/yamy/src/tests/platform/key_remap_linux_test.cpp" line="202" status="run" result="completed" time="0." timestamp="2025-12-12T01:40:25.904" classname="KeyRemapLinuxTest" />
    <testcase name="AltKeyCombinationRemap" file="/home/rmondo/repos/yamy/src/tests/platform/key_remap_linux_test.cpp" line="227" status="run" result="completed" time="0." timestamp="2025-12-12T01:40:25.905" classname="KeyRemapLinuxTest" />
    <testcase name="ShiftCtrlCombinationRemap" file="/home/rmondo/repos/yamy/src/tests/platform/key_remap_linux_test.cpp" line="252" status="run" result="completed" time="0." timestamp="2025-12-12T01:40:25.906" classname="KeyRemapLinuxTest" />
    <testcase name="NavigationKeyRemap" file="/home/rmondo/repos/yamy/src/tests/platform/key_remap_linux_test.cpp" line="278" status="run" result="completed" time="0." timestamp="2025-12-12T01:40:25.906" classname="KeyRemapLinuxTest" />
    <testcase name="HomeEndKeyRemap" file="/home/rmondo/repos/yamy/src/tests/platform/key_remap_linux_test.cpp" line="324" status="run" result="completed" time="0." timestamp="2025-12-12T01:40:25.907" classname="KeyRemapLinuxTest" />
    <testcase name="FunctionKeyRemap" file="/home/rmondo/repos/yamy/src/tests/platform/key_remap_linux_test.cpp" line="354" status="run" result="completed" time="0." timestamp="2025-12-12T01:40:25.908" classname="KeyRemapLinuxTest" />
    <testcase name="KeymapInheritance" file="/home/rmondo/repos/yamy/src/tests/platform/key_remap_linux_test.cpp" line="376" status="run" result="completed" time="0." timestamp="2025-12-12T01:40:25.908" classname="KeyRemapLinuxTest" />
    <testcase name="KeySeqDefinition" file="/home/rmondo/repos/yamy/src/tests/platform/key_remap_linux_test.cpp" line="405" status="run" result="completed" time="0." timestamp="2025-12-12T01:40:25.909" classname="KeyRemapLinuxTest" />
    <testcase name="ModifierPassthrough" file="/home/rmondo/repos/yamy/src/tests/platform/key_remap_linux_test.cpp" line="433" status="run" result="completed" time="0." timestamp="2025-12-12T01:40:25.910" classname="KeyRemapLinuxTest" />
    <testcase name="WindowMatchingKeymap" file="/home/rmondo/repos/yamy/src/tests/platform/key_remap_linux_test.cpp" line="456" status="run" result="completed" time="0." timestamp="2025-12-12T01:40:25.910" classname="KeyRemapLinuxTest" />
    <testcase name="ExtendedKeyDefinition" file="/home/rmondo/repos/yamy/src/tests/platform/key_remap_linux_test.cpp" line="481" status="run" result="completed" time="0." timestamp="2025-12-12T01:40:25.911" classname="KeyRemapLinuxTest" />
    <testcase name="ModifierTypes" file="/home/rmondo/repos/yamy/src/tests/platform/key_remap_linux_test.cpp" line="501" status="run" result="completed" time="0." timestamp="2025-12-12T01:40:25.911" classname="KeyRemapLinuxTest" />
  </testsuite>
  <testsuite name="WindowContextKeymapTest" tests="18" failures="0" disabled="0" skipped="0" errors="0" time="0.007" timestamp="2025-12-12T01:40:25.912">
    <testcase name="WindowClassMatching_SimplePattern" file="/home/rmondo/repos/yamy/src/tests/platform/window_context_keymap_test.cpp" line="127" status="run" result="completed" time="0." timestamp="2025-12-12T01:40:25.912" classname="WindowContextKeymapTest" />
    <testcase name="WindowClassMatching_CaseInsensitive" file="/home/rmondo/repos/yamy/src/tests/platform/window_context_keymap_test.cpp" line="154" status="run" result="completed" time="0." timestamp="2025-12-12T01:40:25.912" classname="WindowContextKeymapTest" />
    <testcase name="WindowClassMatching_PartialMatch" file="/home/rmondo/repos/yamy/src/tests/platform/window_context_keymap_test.cpp" line="177" status="run" result="completed" time="0." timestamp="2025-12-12T01:40:25.912" classname="WindowContextKeymapTest" />
    <testcase name="WindowTitleMatching_AndCondition" file="/home/rmondo/repos/yamy/src/tests/platform/window_context_keymap_test.cpp" line="200" status="run" result="completed" time="0." timestamp="2025-12-12T01:40:25.913" classname="WindowContextKeymapTest" />
    <testcase name="WindowTitleMatching_OrCondition" file="/home/rmondo/repos/yamy/src/tests/platform/window_context_keymap_test.cpp" line="223" status="run" result="completed" time="0." timestamp="2025-12-12T01:40:25.913" classname="WindowContextKeymapTest" />
    <testcase name="MultipleWindowKeymaps" file="/home/rmondo/repos/yamy/src/tests/platform/window_context_keymap_test.cpp" line="246" status="run" result="completed" time="0." timestamp="2025-12-12T01:40:25.913" classname="WindowContextKeymapTest" />
    <testcase name="WindowKeymapInheritance" file="/home/rmondo/repos/yamy/src/tests/platform/window_context_keymap_test.cpp" line="284" status="run" result="completed" time="0." timestamp="2025-12-12T01:40:25.914" classname="WindowContextKeymapTest" />
    <testcase name="WindowContextSwitchSimulation" file="/home/rmondo/repos/yamy/src/tests/platform/window_context_keymap_test.cpp" line="314" status="run" result="completed" time="0." timestamp="2025-12-12T01:40:25.914" classname="WindowContextKeymapTest" />
    <testcase name="RegexSpecialCharacters" file="/home/rmondo/repos/yamy/src/tests/platform/window_context_keymap_test.cpp" line="364" status="run" result="completed" time="0." timestamp="2025-12-12T01:40:25.915" classname="WindowContextKeymapTest" />
    <testcase name="WindowPatternWildcard" file="/home/rmondo/repos/yamy/src/tests/platform/window_context_keymap_test.cpp" line="387" status="run" result="completed" time="0." timestamp="2025-12-12T01:40:25.915" classname="WindowContextKeymapTest" />
    <testcase name="LinuxSpecificWindowClasses" file="/home/rmondo/repos/yamy/src/tests/platform/window_context_keymap_test.cpp" line="411" status="run" result="completed" time="0." timestamp="2025-12-12T01:40:25.916" classname="WindowContextKeymapTest" />
    <testcase name="OverlappingWindowPatterns" file="/home/rmondo/repos/yamy/src/tests/platform/window_context_keymap_test.cpp" line="449" status="run" result="completed" time="0." timestamp="2025-12-12T01:40:25.916" classname="WindowContextKeymapTest" />
    <testcase name="EmptyWindowHandling" file="/home/rmondo/repos/yamy/src/tests/platform/window_context_keymap_test.cpp" line="477" status="run" result="completed" time="0." timestamp="2025-12-12T01:40:25.916" classname="WindowContextKeymapTest" />
    <testcase name="UnicodeWindowTitles" file="/home/rmondo/repos/yamy/src/tests/platform/window_context_keymap_test.cpp" line="503" status="run" result="completed" time="0." timestamp="2025-12-12T01:40:25.917" classname="WindowContextKeymapTest" />
    <testcase name="KeyAssignmentLookupInContext" file="/home/rmondo/repos/yamy/src/tests/platform/window_context_keymap_test.cpp" line="528" status="run" result="completed" time="0." timestamp="2025-12-12T01:40:25.917" classname="WindowContextKeymapTest" />
    <testcase name="KeymapTypeDetection" file="/home/rmondo/repos/yamy/src/tests/platform/window_context_keymap_test.cpp" line="562" status="run" result="completed" time="0." timestamp="2025-12-12T01:40:25.917" classname="WindowContextKeymapTest" />
    <testcase name="DoesSameWindowDirectTest" file="/home/rmondo/repos/yamy/src/tests/platform/window_context_keymap_test.cpp" line="599" status="run" result="completed" time="0." timestamp="2025-12-12T01:40:25.918" classname="WindowContextKeymapTest" />
    <testcase name="WindowPatternExactMatch" file="/home/rmondo/repos/yamy/src/tests/platform/window_context_keymap_test.cpp" line="623" status="run" result="completed" time="0." timestamp="2025-12-12T01:40:25.918" classname="WindowContextKeymapTest" />
  </testsuite>
  <testsuite name="KeyRemappingIntegrationTest" tests="20" failures="0" disabled="0" skipped="0" errors="0" time="0.009" timestamp="2025-12-12T01:40:25.919">
    <testcase name="MockInputHookInstallation" file="/home/rmondo/repos/yamy/tests/integration/key_remapping_integration_test.cpp" line="294" status="run" result="completed" time="0." timestamp="2025-12-12T01:40:25.919" classname="KeyRemappingIntegrationTest" />
    <testcase name="MockInputHookKeyEventSimulation" file="/home/rmondo/repos/yamy/tests/integration/key_remapping_integration_test.cpp" line="313" status="run" result="completed" time="0." timestamp="2025-12-12T01:40:25.919" classname="KeyRemappingIntegrationTest" />
    <testcase name="MockInputInjectorRecordsKeys" file="/home/rmondo/repos/yamy/tests/integration/key_remapping_integration_test.cpp" line="340" status="run" result="completed" time="0." timestamp="2025-12-12T01:40:25.919" classname="KeyRemappingIntegrationTest" />
    <testcase name="ConfigLoadingAndKeyDefinition" file="/home/rmondo/repos/yamy/tests/integration/key_remapping_integration_test.cpp" line="356" status="run" result="completed" time="0." timestamp="2025-12-12T01:40:25.919" classname="KeyRemappingIntegrationTest" />
    <testcase name="SimpleKeyRemappingFlow" file="/home/rmondo/repos/yamy/tests/integration/key_remapping_integration_test.cpp" line="383" status="run" result="completed" time="0." timestamp="2025-12-12T01:40:25.920" classname="KeyRemappingIntegrationTest" />
    <testcase name="KeySwapFlow" file="/home/rmondo/repos/yamy/tests/integration/key_remapping_integration_test.cpp" line="414" status="run" result="completed" time="0." timestamp="2025-12-12T01:40:25.920" classname="KeyRemappingIntegrationTest" />
    <testcase name="ModifierKeyCombinationFlow" file="/home/rmondo/repos/yamy/tests/integration/key_remapping_integration_test.cpp" line="445" status="run" result="completed" time="0." timestamp="2025-12-12T01:40:25.921" classname="KeyRemappingIntegrationTest" />
    <testcase name="MultipleModifierCombinationFlow" file="/home/rmondo/repos/yamy/tests/integration/key_remapping_integration_test.cpp" line="470" status="run" result="completed" time="0." timestamp="2025-12-12T01:40:25.922" classname="KeyRemappingIntegrationTest" />
    <testcase name="AltModifierCombinationFlow" file="/home/rmondo/repos/yamy/tests/integration/key_remapping_integration_test.cpp" line="496" status="run" result="completed" time="0." timestamp="2025-12-12T01:40:25.922" classname="KeyRemappingIntegrationTest" />
    <testcase name="EmacsNavigationKeysFlow" file="/home/rmondo/repos/yamy/tests/integration/key_remapping_integration_test.cpp" line="520" status="run" result="completed" time="0." timestamp="2025-12-12T01:40:25.923" classname="KeyRemappingIntegrationTest" />
    <testcase name="WindowContextKeymapSwitching" file="/home/rmondo/repos/yamy/tests/integration/key_remapping_integration_test.cpp" line="561" status="run" result="completed" time="0." timestamp="2025-12-12T01:40:25.924" classname="KeyRemappingIntegrationTest" />
    <testcase name="ModifierPassthroughFlow" file="/home/rmondo/repos/yamy/tests/integration/key_remapping_integration_test.cpp" line="607" status="run" result="completed" time="0." timestamp="2025-12-12T01:40:25.924" classname="KeyRemappingIntegrationTest" />
    <testcase name="FunctionKeyRemappingFlow" file="/home/rmondo/repos/yamy/tests/integration/key_remapping_integration_test.cpp" line="629" status="run" result="completed" time="0." timestamp="2025-12-12T01:40:25.925" classname="KeyRemappingIntegrationTest" />
    <testcase name="KeySequenceDefinitionFlow" file="/home/rmondo/repos/yamy/tests/integration/key_remapping_integration_test.cpp" line="651" status="run" result="completed" time="0." timestamp="2025-12-12T01:40:25.925" classname="KeyRemappingIntegrationTest" />
    <testcase name="KeymapInheritanceChainFlow" file="/home/rmondo/repos/yamy/tests/integration/key_remapping_integration_test.cpp" line="679" status="run" result="completed" time="0." timestamp="2025-12-12T01:40:25.926" classname="KeyRemappingIntegrationTest" />
    <testcase name="CompletePipelineVerification" file="/home/rmondo/repos/yamy/tests/integration/key_remapping_integration_test.cpp" line="714" status="run" result="completed" time="0." timestamp="2025-12-12T01:40:25.926" classname="KeyRemappingIntegrationTest" />
    <testcase name="ExtendedKeyHandling" file="/home/rmondo/repos/yamy/tests/integration/key_remapping_integration_test.cpp" line="759" status="run" result="completed" time="0." timestamp="2025-12-12T01:40:25.927" classname="KeyRemappingIntegrationTest" />
    <testcase name="EventOrderingVerification" file="/home/rmondo/repos/yamy/tests/integration/key_remapping_integration_test.cpp" line="787" status="run" result="completed" time="0." timestamp="2025-12-12T01:40:25.928" classname="KeyRemappingIntegrationTest" />
    <testcase name="EmptyConfigHandling" file="/home/rmondo/repos/yamy/tests/integration/key_remapping_integration_test.cpp" line="822" status="run" result="completed" time="0." timestamp="2025-12-12T01:40:25.928" classname="KeyRemappingIntegrationTest" />
    <testcase name="MultipleKeymapsDifferentMappings" file="/home/rmondo/repos/yamy/tests/integration/key_remapping_integration_test.cpp" line="837" status="run" result="completed" time="0." timestamp="2025-12-12T01:40:25.928" classname="KeyRemappingIntegrationTest" />
  </testsuite>
  <testsuite name="IntegrationLifecycleTest" tests="5" failures="0" disabled="0" skipped="0" errors="0" time="0.002" timestamp="2025-12-12T01:40:25.929">
    <testcase name="FullLifecycleInitLoadProcessShutdown" file="/home/rmondo/repos/yamy/tests/integration/integration_suite.cpp" line="347" status="run" result="completed" time="0." timestamp="2025-12-12T01:40:25.929" classname="IntegrationLifecycleTest" />
    <testcase name="ConfigReloadDuringOperation" file="/home/rmondo/repos/yamy/tests/integration/integration_suite.cpp" line="396" status="run" result="completed" time="0." timestamp="2025-12-12T01:40:25.929" classname="IntegrationLifecycleTest" />
    <testcase name="MultipleKeymapsWindowMatching" file="/home/rmondo/repos/yamy/tests/integration/integration_suite.cpp" line="451" status="run" result="completed" time="0." timestamp="2025-12-12T01:40:25.930" classname="IntegrationLifecycleTest" />
    <testcase name="HookEventFlowWithCallbacks" file="/home/rmondo/repos/yamy/tests/integration/integration_suite.cpp" line="504" status="run" result="completed" time="0." timestamp="2025-12-12T01:40:25.931" classname="IntegrationLifecycleTest" />
    <testcase name="ComplexKeymapInheritanceChain" file="/home/rmondo/repos/yamy/tests/integration/integration_suite.cpp" line="556" status="run" result="completed" time="0." timestamp="2025-12-12T01:40:25.931" classname="IntegrationLifecycleTest" />
  </testsuite>
  <testsuite name="IntegrationIPCTest" tests="3" failures="0" disabled="0" skipped="0" errors="0" time="0." timestamp="2025-12-12T01:40:25.931">
    <testcase name="IPCMessageTypesCoverage" file="/home/rmondo/repos/yamy/tests/integration/integration_suite.cpp" line="619" status="run" result="completed" time="0." timestamp="2025-12-12T01:40:25.931" classname="IntegrationIPCTest" />
    <testcase name="IPCMessageStructureValidity" file="/home/rmondo/repos/yamy/tests/integration/integration_suite.cpp" line="655" status="run" result="completed" time="0." timestamp="2025-12-12T01:40:25.931" classname="IntegrationIPCTest" />
    <testcase name="GUIMessageTypesCoverage" file="/home/rmondo/repos/yamy/tests/integration/integration_suite.cpp" line="690" status="run" result="completed" time="0." timestamp="2025-12-12T01:40:25.931" classname="IntegrationIPCTest" />
  </testsuite>
  <testsuite name="IntegrationSessionTest" tests="3" failures="0" disabled="0" skipped="0" errors="0" time="0." timestamp="2025-12-12T01:40:25.932">
    <testcase name="SessionDataStructure" file="/home/rmondo/repos/yamy/tests/integration/integration_suite.cpp" line="749" status="run" result="completed" time="0." timestamp="2025-12-12T01:40:25.932" classname="IntegrationSessionTest" />
    <testcase name="WindowPositionStorageRetrieval" file="/home/rmondo/repos/yamy/tests/integration/integration_suite.cpp" line="782" status="run" result="completed" time="0." timestamp="2025-12-12T01:40:25.932" classname="IntegrationSessionTest" />
    <testcase name="SessionStateUpdates" file="/home/rmondo/repos/yamy/tests/integration/integration_suite.cpp" line="812" status="run" result="completed" time="0." timestamp="2025-12-12T01:40:25.932" classname="IntegrationSessionTest" />
  </testsuite>
  <testsuite name="IntegrationPerformanceTest" tests="3" failures="0" disabled="0" skipped="0" errors="0" time="0.101" timestamp="2025-12-12T01:40:25.932">
    <testcase name="KeyProcessingLatencyUnderLoad" file="/home/rmondo/repos/yamy/tests/integration/integration_suite.cpp" line="866" status="run" result="completed" time="0." timestamp="2025-12-12T01:40:25.932" classname="IntegrationPerformanceTest" />
    <testcase name="ConfigLoadingPerformance" file="/home/rmondo/repos/yamy/tests/integration/integration_suite.cpp" line="932" status="run" result="completed" time="0." timestamp="2025-12-12T01:40:25.932" classname="IntegrationPerformanceTest" />
    <testcase name="SustainedKeyEventProcessing" file="/home/rmondo/repos/yamy/tests/integration/integration_suite.cpp" line="979" status="run" result="completed" time="0.1" timestamp="2025-12-12T01:40:25.933" classname="IntegrationPerformanceTest" />
  </testsuite>
  <testsuite name="IntegrationAllTracksTest" tests="4" failures="0" disabled="0" skipped="0" errors="0" time="0.003" timestamp="2025-12-12T01:40:26.033">
    <testcase name="AllTracksWorkingTogether" file="/home/rmondo/repos/yamy/tests/integration/integration_suite.cpp" line="1035" status="run" result="completed" time="0.001" timestamp="2025-12-12T01:40:26.033" classname="IntegrationAllTracksTest" />
    <testcase name="ErrorRecoveryAndResilience" file="/home/rmondo/repos/yamy/tests/integration/integration_suite.cpp" line="1090" status="run" result="completed" time="0." timestamp="2025-12-12T01:40:26.035" classname="IntegrationAllTracksTest" />
    <testcase name="ConcurrentEventProcessing" file="/home/rmondo/repos/yamy/tests/integration/integration_suite.cpp" line="1121" status="run" result="completed" time="0." timestamp="2025-12-12T01:40:26.036" classname="IntegrationAllTracksTest" />
    <testcase name="MemorySafetyUnderRapidReconnection" file="/home/rmondo/repos/yamy/tests/integration/integration_suite.cpp" line="1164" status="run" result="completed" time="0." timestamp="2025-12-12T01:40:26.036" classname="IntegrationAllTracksTest" />
  </testsuite>
</testsuites>
